-- Install configuration: ""
-- Installing: /husky_ws/src/install/husky_control/share/husky_control/config
-- Installing: /husky_ws/src/install/husky_control/share/husky_control/config/teleop_ps4.yaml
-- Installing: /husky_ws/src/install/husky_control/share/husky_control/config/teleop_interactive_markers.yaml
-- Installing: /husky_ws/src/install/husky_control/share/husky_control/config/public_interface.yaml
-- Installing: /husky_ws/src/install/husky_control/share/husky_control/config/localization.yaml
-- Installing: /husky_ws/src/install/husky_control/share/husky_control/config/empty.yaml
-- Installing: /husky_ws/src/install/husky_control/share/husky_control/config/gazebo_interface.yaml
-- Installing: /husky_ws/src/install/husky_control/share/husky_control/config/teleop_logitech.yaml
-- Installing: /husky_ws/src/install/husky_control/share/husky_control/config/control.yaml
-- Installing: /husky_ws/src/install/husky_control/share/husky_control/config/imu_filter.yaml
-- Installing: /husky_ws/src/install/husky_control/share/husky_control/config/twist_mux.yaml
-- Installing: /husky_ws/src/install/husky_control/share/husky_control/launch
-- Installing: /husky_ws/src/install/husky_control/share/husky_control/launch/teleop.launch
-- Installing: /husky_ws/src/install/husky_control/share/husky_control/launch/teleop_base.launch.py
-- Installing: /husky_ws/src/install/husky_control/share/husky_control/launch/control.launch.py
-- Installing: /husky_ws/src/install/husky_control/share/husky_control/launch/teleop_joy.launch.py
-- Installing: /husky_ws/src/install/husky_control/share/husky_control/launch/control.launch
-- Installing: /husky_ws/src/install/husky_control/share/ament_index/resource_index/package_run_dependencies/husky_control
-- Installing: /husky_ws/src/install/husky_control/share/ament_index/resource_index/parent_prefix_path/husky_control
-- Installing: /husky_ws/src/install/husky_control/share/husky_control/environment/ament_prefix_path.sh
-- Installing: /husky_ws/src/install/husky_control/share/husky_control/environment/ament_prefix_path.dsv
-- Installing: /husky_ws/src/install/husky_control/share/husky_control/environment/path.sh
-- Installing: /husky_ws/src/install/husky_control/share/husky_control/environment/path.dsv
-- Installing: /husky_ws/src/install/husky_control/share/husky_control/local_setup.bash
-- Installing: /husky_ws/src/install/husky_control/share/husky_control/local_setup.sh
-- Installing: /husky_ws/src/install/husky_control/share/husky_control/local_setup.zsh
-- Installing: /husky_ws/src/install/husky_control/share/husky_control/local_setup.dsv
-- Installing: /husky_ws/src/install/husky_control/share/husky_control/package.dsv
-- Installing: /husky_ws/src/install/husky_control/share/ament_index/resource_index/packages/husky_control
-- Installing: /husky_ws/src/install/husky_control/share/husky_control/cmake/husky_controlConfig.cmake
-- Installing: /husky_ws/src/install/husky_control/share/husky_control/cmake/husky_controlConfig-version.cmake
-- Installing: /husky_ws/src/install/husky_control/share/husky_control/package.xml
