[0.048s] Invoking command in '/husky_ws/src/build/husky_control': CMAKE_PREFIX_PATH=/opt/ros/humble /usr/bin/cmake --build /husky_ws/src/build/husky_control -- -j16 -l16
[0.090s] Invoked command in '/husky_ws/src/build/husky_control' returned '0': CMAKE_PREFIX_PATH=/opt/ros/humble /usr/bin/cmake --build /husky_ws/src/build/husky_control -- -j16 -l16
[0.102s] Invoking command in '/husky_ws/src/build/husky_control': CMAKE_PREFIX_PATH=/opt/ros/humble /usr/bin/cmake --install /husky_ws/src/build/husky_control
[0.113s] -- Install configuration: ""
[0.113s] -- Installing: /husky_ws/src/install/husky_control/share/husky_control/config
[0.113s] -- Installing: /husky_ws/src/install/husky_control/share/husky_control/config/teleop_ps4.yaml
[0.113s] -- Installing: /husky_ws/src/install/husky_control/share/husky_control/config/teleop_interactive_markers.yaml
[0.114s] -- Installing: /husky_ws/src/install/husky_control/share/husky_control/config/public_interface.yaml
[0.114s] -- Installing: /husky_ws/src/install/husky_control/share/husky_control/config/localization.yaml
[0.114s] -- Installing: /husky_ws/src/install/husky_control/share/husky_control/config/empty.yaml
[0.114s] -- Installing: /husky_ws/src/install/husky_control/share/husky_control/config/gazebo_interface.yaml
[0.114s] -- Installing: /husky_ws/src/install/husky_control/share/husky_control/config/teleop_logitech.yaml
[0.114s] -- Installing: /husky_ws/src/install/husky_control/share/husky_control/config/control.yaml
[0.114s] -- Installing: /husky_ws/src/install/husky_control/share/husky_control/config/imu_filter.yaml
[0.114s] -- Installing: /husky_ws/src/install/husky_control/share/husky_control/config/twist_mux.yaml
[0.115s] -- Installing: /husky_ws/src/install/husky_control/share/husky_control/launch
[0.115s] -- Installing: /husky_ws/src/install/husky_control/share/husky_control/launch/teleop.launch
[0.115s] -- Installing: /husky_ws/src/install/husky_control/share/husky_control/launch/teleop_base.launch.py
[0.115s] -- Installing: /husky_ws/src/install/husky_control/share/husky_control/launch/control.launch.py
[0.115s] -- Installing: /husky_ws/src/install/husky_control/share/husky_control/launch/teleop_joy.launch.py
[0.115s] -- Installing: /husky_ws/src/install/husky_control/share/husky_control/launch/control.launch
[0.116s] -- Installing: /husky_ws/src/install/husky_control/share/ament_index/resource_index/package_run_dependencies/husky_control
[0.116s] -- Installing: /husky_ws/src/install/husky_control/share/ament_index/resource_index/parent_prefix_path/husky_control
[0.116s] -- Installing: /husky_ws/src/install/husky_control/share/husky_control/environment/ament_prefix_path.sh
[0.116s] -- Installing: /husky_ws/src/install/husky_control/share/husky_control/environment/ament_prefix_path.dsv
[0.117s] -- Installing: /husky_ws/src/install/husky_control/share/husky_control/environment/path.sh
[0.117s] -- Installing: /husky_ws/src/install/husky_control/share/husky_control/environment/path.dsv
[0.117s] -- Installing: /husky_ws/src/install/husky_control/share/husky_control/local_setup.bash
[0.117s] -- Installing: /husky_ws/src/install/husky_control/share/husky_control/local_setup.sh
[0.118s] -- Installing: /husky_ws/src/install/husky_control/share/husky_control/local_setup.zsh
[0.118s] -- Installing: /husky_ws/src/install/husky_control/share/husky_control/local_setup.dsv
[0.118s] -- Installing: /husky_ws/src/install/husky_control/share/husky_control/package.dsv
[0.119s] -- Installing: /husky_ws/src/install/husky_control/share/ament_index/resource_index/packages/husky_control
[0.119s] -- Installing: /husky_ws/src/install/husky_control/share/husky_control/cmake/husky_controlConfig.cmake
[0.120s] -- Installing: /husky_ws/src/install/husky_control/share/husky_control/cmake/husky_controlConfig-version.cmake
[0.121s] -- Installing: /husky_ws/src/install/husky_control/share/husky_control/package.xml
[0.139s] Invoked command in '/husky_ws/src/build/husky_control' returned '0': CMAKE_PREFIX_PATH=/opt/ros/humble /usr/bin/cmake --install /husky_ws/src/build/husky_control
