[0.030s] Invoking command in '/husky_ws/src/build/zed_components': CMAKE_PREFIX_PATH=/opt/ros/humble /usr/bin/cmake /husky_ws/src/zed-ros2-wrapper/zed_components -DCMAKE_INSTALL_PREFIX=/husky_ws/src/install/zed_components
[0.092s] -- The C compiler identification is GNU 11.4.0
[0.150s] -- The CXX compiler identification is GNU 11.4.0
[0.159s] -- Detecting C compiler ABI info
[0.236s] -- Detecting C compiler ABI info - done
[0.243s] -- Check for working C compiler: /usr/bin/cc - skipped
[0.243s] -- Detecting C compile features
[0.243s] -- Detecting C compile features - done
[0.247s] -- Detecting CXX compiler ABI info
[0.334s] -- Detecting CXX compiler ABI info - done
[0.341s] -- Check for working CXX compiler: /usr/bin/c++ - skipped
[0.341s] -- Detecting CXX compile features
[0.342s] -- Detecting CXX compile features - done
[0.364s] [31mCMake Error at CMakeLists.txt:84 (find_package):
[0.365s]   By not providing "FindZED.cmake" in CMAKE_MODULE_PATH this project has
[0.365s]   asked CMake to find a package configuration file provided by "ZED", but
[0.365s]   CMake did not find one.
[0.365s] 
[0.365s]   Could not find a package configuration file provided by "ZED" with any of
[0.365s]   the following names:
[0.365s] 
[0.365s]     ZEDConfig.cmake
[0.365s]     zed-config.cmake
[0.365s] 
[0.365s]   Add the installation prefix of "ZED" to CMAKE_PREFIX_PATH or set "ZED_DIR"
[0.365s]   to a directory containing one of the above files.  If "ZED" provides a
[0.366s]   separate development package or SDK, be sure it has been installed.
[0.366s] 
[0.366s] [0m
[0.366s] -- Configuring incomplete, errors occurred!
[0.366s] See also "/husky_ws/src/build/zed_components/CMakeFiles/CMakeOutput.log".
[0.371s] Invoked command in '/husky_ws/src/build/zed_components' returned '1': CMAKE_PREFIX_PATH=/opt/ros/humble /usr/bin/cmake /husky_ws/src/zed-ros2-wrapper/zed_components -DCMAKE_INSTALL_PREFIX=/husky_ws/src/install/zed_components
