[0.022s] Invoking command in '/husky_ws/src/build/hardwarelaunch': /usr/bin/cmake /husky_ws/src/hardwarelaunch -DCATKIN_INSTALL_INTO_PREFIX_ROOT=0 -DCMAKE_INSTALL_PREFIX=/husky_ws/src/install/hardwarelaunch
[0.078s] -- The C compiler identification is GNU 11.4.0
[0.139s] -- The CXX compiler identification is GNU 11.4.0
[0.147s] -- Detecting C compiler ABI info
[0.223s] -- Detecting C compiler ABI info - done
[0.229s] -- Check for working C compiler: /usr/bin/cc - skipped
[0.230s] -- Detecting C compile features
[0.230s] -- Detecting C compile features - done
[0.233s] -- Detecting CXX compiler ABI info
[0.321s] -- Detecting CXX compiler ABI info - done
[0.327s] -- Check for working CXX compiler: /usr/bin/c++ - skipped
[0.327s] -- Detecting CXX compile features
[0.328s] -- Detecting CXX compile features - done
[0.333s] -- Found ament_cmake: 1.3.11 (/opt/ros/humble/share/ament_cmake/cmake)
[0.494s] -- Found Python3: /usr/bin/python3 (found version "3.10.12") found components: Interpreter 
[0.651s] -- Configuring done
[0.654s] -- Generating done
[0.654s] [33mCMake Warning:
[0.654s]   Manually-specified variables were not used by the project:
[0.655s] 
[0.655s]     CATKIN_INSTALL_INTO_PREFIX_ROOT
[0.655s] 
[0.655s] [0m
[0.655s] -- Build files have been written to: /husky_ws/src/build/hardwarelaunch
