[0.094s] DEBUG:colcon:Command line arguments: ['/usr/bin/colcon', 'build']
[0.094s] DEBUG:colcon:Parsed command line arguments: Namespace(log_base=None, log_level=None, verb_name='build', build_base='build', install_base='install', merge_install=False, symlink_install=False, test_result_base=None, continue_on_error=False, executor='parallel', parallel_workers=16, event_handlers=None, ignore_user_meta=False, metas=['./colcon.meta'], base_paths=['.'], packages_ignore=None, packages_ignore_regex=None, paths=None, packages_up_to=None, packages_up_to_regex=None, packages_above=None, packages_above_and_dependencies=None, packages_above_depth=None, packages_select_by_dep=None, packages_skip_by_dep=None, packages_skip_up_to=None, packages_select_build_failed=False, packages_skip_build_finished=False, packages_select_test_failures=False, packages_skip_test_passed=False, packages_select=None, packages_skip=None, packages_select_regex=None, packages_skip_regex=None, packages_start=None, packages_end=None, cmake_args=None, cmake_target=None, cmake_target_skip_unavailable=False, cmake_clean_cache=False, cmake_clean_first=False, cmake_force_configure=False, ament_cmake_args=None, catkin_cmake_args=None, catkin_skip_building_tests=False, verb_parser=<colcon_defaults.argument_parser.defaults.DefaultArgumentsDecorator object at 0x7a186cc3e350>, verb_extension=<colcon_core.verb.build.BuildVerb object at 0x7a186cdc3730>, main=<bound method BuildVerb.main of <colcon_core.verb.build.BuildVerb object at 0x7a186cdc3730>>)
[0.221s] Level 1:colcon.colcon_core.package_discovery:discover_packages(colcon_meta) check parameters
[0.221s] Level 1:colcon.colcon_core.package_discovery:discover_packages(recursive) check parameters
[0.221s] Level 1:colcon.colcon_core.package_discovery:discover_packages(ignore) check parameters
[0.221s] Level 1:colcon.colcon_core.package_discovery:discover_packages(path) check parameters
[0.221s] Level 1:colcon.colcon_core.package_discovery:discover_packages(colcon_meta) discover
[0.221s] Level 1:colcon.colcon_core.package_discovery:discover_packages(recursive) discover
[0.221s] INFO:colcon.colcon_core.package_discovery:Crawling recursively for packages in '/husky_ws/src'
[0.221s] Level 1:colcon.colcon_core.package_identification:_identify(.) by extensions ['ignore', 'ignore_ament_install']
[0.221s] Level 1:colcon.colcon_core.package_identification:_identify(.) by extension 'ignore'
[0.221s] Level 1:colcon.colcon_core.package_identification:_identify(.) by extension 'ignore_ament_install'
[0.221s] Level 1:colcon.colcon_core.package_identification:_identify(.) by extensions ['colcon_pkg']
[0.221s] Level 1:colcon.colcon_core.package_identification:_identify(.) by extension 'colcon_pkg'
[0.221s] Level 1:colcon.colcon_core.package_identification:_identify(.) by extensions ['colcon_meta']
[0.221s] Level 1:colcon.colcon_core.package_identification:_identify(.) by extension 'colcon_meta'
[0.221s] Level 1:colcon.colcon_core.package_identification:_identify(.) by extensions ['ros']
[0.221s] Level 1:colcon.colcon_core.package_identification:_identify(.) by extension 'ros'
[0.231s] Level 1:colcon.colcon_core.package_identification:_identify(.) by extensions ['cmake', 'python']
[0.231s] Level 1:colcon.colcon_core.package_identification:_identify(.) by extension 'cmake'
[0.231s] Level 1:colcon.colcon_core.package_identification:_identify(.) by extension 'python'
[0.231s] Level 1:colcon.colcon_core.package_identification:_identify(.) by extensions ['python_setup_py']
[0.231s] Level 1:colcon.colcon_core.package_identification:_identify(.) by extension 'python_setup_py'
[0.231s] Level 1:colcon.colcon_core.package_identification:_identify(build) by extensions ['ignore', 'ignore_ament_install']
[0.231s] Level 1:colcon.colcon_core.package_identification:_identify(build) by extension 'ignore'
[0.231s] Level 1:colcon.colcon_core.package_identification:_identify(build) ignored
[0.232s] Level 1:colcon.colcon_core.package_identification:_identify(hardwarelaunch) by extensions ['ignore', 'ignore_ament_install']
[0.232s] Level 1:colcon.colcon_core.package_identification:_identify(hardwarelaunch) by extension 'ignore'
[0.232s] Level 1:colcon.colcon_core.package_identification:_identify(hardwarelaunch) by extension 'ignore_ament_install'
[0.232s] Level 1:colcon.colcon_core.package_identification:_identify(hardwarelaunch) by extensions ['colcon_pkg']
[0.232s] Level 1:colcon.colcon_core.package_identification:_identify(hardwarelaunch) by extension 'colcon_pkg'
[0.232s] Level 1:colcon.colcon_core.package_identification:_identify(hardwarelaunch) by extensions ['colcon_meta']
[0.232s] Level 1:colcon.colcon_core.package_identification:_identify(hardwarelaunch) by extension 'colcon_meta'
[0.232s] Level 1:colcon.colcon_core.package_identification:_identify(hardwarelaunch) by extensions ['ros']
[0.232s] Level 1:colcon.colcon_core.package_identification:_identify(hardwarelaunch) by extension 'ros'
[0.234s] DEBUG:colcon.colcon_core.package_identification:Package 'hardwarelaunch' with type 'ros.catkin' and name 'hardwarelaunch'
[0.234s] Level 1:colcon.colcon_core.package_identification:_identify(husky_robot) by extensions ['ignore', 'ignore_ament_install']
[0.234s] Level 1:colcon.colcon_core.package_identification:_identify(husky_robot) by extension 'ignore'
[0.234s] Level 1:colcon.colcon_core.package_identification:_identify(husky_robot) by extension 'ignore_ament_install'
[0.234s] Level 1:colcon.colcon_core.package_identification:_identify(husky_robot) by extensions ['colcon_pkg']
[0.234s] Level 1:colcon.colcon_core.package_identification:_identify(husky_robot) by extension 'colcon_pkg'
[0.234s] Level 1:colcon.colcon_core.package_identification:_identify(husky_robot) by extensions ['colcon_meta']
[0.234s] Level 1:colcon.colcon_core.package_identification:_identify(husky_robot) by extension 'colcon_meta'
[0.234s] Level 1:colcon.colcon_core.package_identification:_identify(husky_robot) by extensions ['ros']
[0.234s] Level 1:colcon.colcon_core.package_identification:_identify(husky_robot) by extension 'ros'
[0.234s] Level 1:colcon.colcon_core.package_identification:_identify(husky_robot) by extensions ['cmake', 'python']
[0.234s] Level 1:colcon.colcon_core.package_identification:_identify(husky_robot) by extension 'cmake'
[0.234s] Level 1:colcon.colcon_core.package_identification:_identify(husky_robot) by extension 'python'
[0.234s] Level 1:colcon.colcon_core.package_identification:_identify(husky_robot) by extensions ['python_setup_py']
[0.234s] Level 1:colcon.colcon_core.package_identification:_identify(husky_robot) by extension 'python_setup_py'
[0.234s] Level 1:colcon.colcon_core.package_identification:_identify(husky_robot/husky_base) by extensions ['ignore', 'ignore_ament_install']
[0.234s] Level 1:colcon.colcon_core.package_identification:_identify(husky_robot/husky_base) by extension 'ignore'
[0.234s] Level 1:colcon.colcon_core.package_identification:_identify(husky_robot/husky_base) by extension 'ignore_ament_install'
[0.234s] Level 1:colcon.colcon_core.package_identification:_identify(husky_robot/husky_base) by extensions ['colcon_pkg']
[0.234s] Level 1:colcon.colcon_core.package_identification:_identify(husky_robot/husky_base) by extension 'colcon_pkg'
[0.234s] Level 1:colcon.colcon_core.package_identification:_identify(husky_robot/husky_base) by extensions ['colcon_meta']
[0.234s] Level 1:colcon.colcon_core.package_identification:_identify(husky_robot/husky_base) by extension 'colcon_meta'
[0.235s] Level 1:colcon.colcon_core.package_identification:_identify(husky_robot/husky_base) by extensions ['ros']
[0.235s] Level 1:colcon.colcon_core.package_identification:_identify(husky_robot/husky_base) by extension 'ros'
[0.236s] DEBUG:colcon.colcon_core.package_identification:Package 'husky_robot/husky_base' with type 'ros.ament_cmake' and name 'husky_base'
[0.236s] Level 1:colcon.colcon_core.package_identification:_identify(husky_robot/husky_bringup) by extensions ['ignore', 'ignore_ament_install']
[0.236s] Level 1:colcon.colcon_core.package_identification:_identify(husky_robot/husky_bringup) by extension 'ignore'
[0.236s] Level 1:colcon.colcon_core.package_identification:_identify(husky_robot/husky_bringup) by extension 'ignore_ament_install'
[0.236s] Level 1:colcon.colcon_core.package_identification:_identify(husky_robot/husky_bringup) by extensions ['colcon_pkg']
[0.236s] Level 1:colcon.colcon_core.package_identification:_identify(husky_robot/husky_bringup) by extension 'colcon_pkg'
[0.236s] Level 1:colcon.colcon_core.package_identification:_identify(husky_robot/husky_bringup) by extensions ['colcon_meta']
[0.236s] Level 1:colcon.colcon_core.package_identification:_identify(husky_robot/husky_bringup) by extension 'colcon_meta'
[0.236s] Level 1:colcon.colcon_core.package_identification:_identify(husky_robot/husky_bringup) by extensions ['ros']
[0.236s] Level 1:colcon.colcon_core.package_identification:_identify(husky_robot/husky_bringup) by extension 'ros'
[0.236s] DEBUG:colcon.colcon_core.package_identification:Package 'husky_robot/husky_bringup' with type 'ros.ament_cmake' and name 'husky_bringup'
[0.236s] Level 1:colcon.colcon_core.package_identification:_identify(husky_robot/husky_control) by extensions ['ignore', 'ignore_ament_install']
[0.237s] Level 1:colcon.colcon_core.package_identification:_identify(husky_robot/husky_control) by extension 'ignore'
[0.237s] Level 1:colcon.colcon_core.package_identification:_identify(husky_robot/husky_control) by extension 'ignore_ament_install'
[0.237s] Level 1:colcon.colcon_core.package_identification:_identify(husky_robot/husky_control) by extensions ['colcon_pkg']
[0.237s] Level 1:colcon.colcon_core.package_identification:_identify(husky_robot/husky_control) by extension 'colcon_pkg'
[0.237s] Level 1:colcon.colcon_core.package_identification:_identify(husky_robot/husky_control) by extensions ['colcon_meta']
[0.237s] Level 1:colcon.colcon_core.package_identification:_identify(husky_robot/husky_control) by extension 'colcon_meta'
[0.237s] Level 1:colcon.colcon_core.package_identification:_identify(husky_robot/husky_control) by extensions ['ros']
[0.237s] Level 1:colcon.colcon_core.package_identification:_identify(husky_robot/husky_control) by extension 'ros'
[0.237s] DEBUG:colcon.colcon_core.package_identification:Package 'husky_robot/husky_control' with type 'ros.ament_cmake' and name 'husky_control'
[0.238s] Level 1:colcon.colcon_core.package_identification:_identify(hw_interface) by extensions ['ignore', 'ignore_ament_install']
[0.238s] Level 1:colcon.colcon_core.package_identification:_identify(hw_interface) by extension 'ignore'
[0.238s] Level 1:colcon.colcon_core.package_identification:_identify(hw_interface) by extension 'ignore_ament_install'
[0.238s] Level 1:colcon.colcon_core.package_identification:_identify(hw_interface) by extensions ['colcon_pkg']
[0.238s] Level 1:colcon.colcon_core.package_identification:_identify(hw_interface) by extension 'colcon_pkg'
[0.238s] Level 1:colcon.colcon_core.package_identification:_identify(hw_interface) by extensions ['colcon_meta']
[0.238s] Level 1:colcon.colcon_core.package_identification:_identify(hw_interface) by extension 'colcon_meta'
[0.238s] Level 1:colcon.colcon_core.package_identification:_identify(hw_interface) by extensions ['ros']
[0.238s] Level 1:colcon.colcon_core.package_identification:_identify(hw_interface) by extension 'ros'
[0.238s] DEBUG:colcon.colcon_core.package_identification:Package 'hw_interface' with type 'ros.ament_cmake' and name 'hw_interface'
[0.238s] Level 1:colcon.colcon_core.package_identification:_identify(hw_interface_plugins) by extensions ['ignore', 'ignore_ament_install']
[0.238s] Level 1:colcon.colcon_core.package_identification:_identify(hw_interface_plugins) by extension 'ignore'
[0.238s] Level 1:colcon.colcon_core.package_identification:_identify(hw_interface_plugins) by extension 'ignore_ament_install'
[0.238s] Level 1:colcon.colcon_core.package_identification:_identify(hw_interface_plugins) by extensions ['colcon_pkg']
[0.238s] Level 1:colcon.colcon_core.package_identification:_identify(hw_interface_plugins) by extension 'colcon_pkg'
[0.238s] Level 1:colcon.colcon_core.package_identification:_identify(hw_interface_plugins) by extensions ['colcon_meta']
[0.238s] Level 1:colcon.colcon_core.package_identification:_identify(hw_interface_plugins) by extension 'colcon_meta'
[0.238s] Level 1:colcon.colcon_core.package_identification:_identify(hw_interface_plugins) by extensions ['ros']
[0.238s] Level 1:colcon.colcon_core.package_identification:_identify(hw_interface_plugins) by extension 'ros'
[0.238s] Level 1:colcon.colcon_core.package_identification:_identify(hw_interface_plugins) by extensions ['cmake', 'python']
[0.239s] Level 1:colcon.colcon_core.package_identification:_identify(hw_interface_plugins) by extension 'cmake'
[0.239s] Level 1:colcon.colcon_core.package_identification:_identify(hw_interface_plugins) by extension 'python'
[0.239s] Level 1:colcon.colcon_core.package_identification:_identify(hw_interface_plugins) by extensions ['python_setup_py']
[0.239s] Level 1:colcon.colcon_core.package_identification:_identify(hw_interface_plugins) by extension 'python_setup_py'
[0.239s] Level 1:colcon.colcon_core.package_identification:_identify(hw_interface_plugins/hw_interface_plugin_novatel_span) by extensions ['ignore', 'ignore_ament_install']
[0.239s] Level 1:colcon.colcon_core.package_identification:_identify(hw_interface_plugins/hw_interface_plugin_novatel_span) by extension 'ignore'
[0.239s] Level 1:colcon.colcon_core.package_identification:_identify(hw_interface_plugins/hw_interface_plugin_novatel_span) by extension 'ignore_ament_install'
[0.239s] Level 1:colcon.colcon_core.package_identification:_identify(hw_interface_plugins/hw_interface_plugin_novatel_span) by extensions ['colcon_pkg']
[0.239s] Level 1:colcon.colcon_core.package_identification:_identify(hw_interface_plugins/hw_interface_plugin_novatel_span) by extension 'colcon_pkg'
[0.239s] Level 1:colcon.colcon_core.package_identification:_identify(hw_interface_plugins/hw_interface_plugin_novatel_span) by extensions ['colcon_meta']
[0.239s] Level 1:colcon.colcon_core.package_identification:_identify(hw_interface_plugins/hw_interface_plugin_novatel_span) by extension 'colcon_meta'
[0.239s] Level 1:colcon.colcon_core.package_identification:_identify(hw_interface_plugins/hw_interface_plugin_novatel_span) by extensions ['ros']
[0.239s] Level 1:colcon.colcon_core.package_identification:_identify(hw_interface_plugins/hw_interface_plugin_novatel_span) by extension 'ros'
[0.239s] DEBUG:colcon.colcon_core.package_identification:Failed to parse potential ROS package manifest in'hw_interface_plugins/hw_interface_plugin_novatel_span': Error(s) in package 'hw_interface_plugins/hw_interface_plugin_novatel_span/package.xml':
The manifest contains invalid XML:
no element found: line 1, column 0
[0.239s] Level 1:colcon.colcon_core.package_identification:_identify(hw_interface_plugins/hw_interface_plugin_novatel_span) by extensions ['cmake', 'python']
[0.239s] Level 1:colcon.colcon_core.package_identification:_identify(hw_interface_plugins/hw_interface_plugin_novatel_span) by extension 'cmake'
[0.240s] Level 1:colcon.colcon_core.package_identification:_identify(hw_interface_plugins/hw_interface_plugin_novatel_span) by extension 'python'
[0.240s] DEBUG:colcon.colcon_core.package_identification:Package 'hw_interface_plugins/hw_interface_plugin_novatel_span' with type 'cmake' and name 'hw_interface_plugin_novatel_span'
[0.240s] Level 1:colcon.colcon_core.package_identification:_identify(imu_complementary_filter) by extensions ['ignore', 'ignore_ament_install']
[0.240s] Level 1:colcon.colcon_core.package_identification:_identify(imu_complementary_filter) by extension 'ignore'
[0.240s] Level 1:colcon.colcon_core.package_identification:_identify(imu_complementary_filter) by extension 'ignore_ament_install'
[0.240s] Level 1:colcon.colcon_core.package_identification:_identify(imu_complementary_filter) by extensions ['colcon_pkg']
[0.240s] Level 1:colcon.colcon_core.package_identification:_identify(imu_complementary_filter) by extension 'colcon_pkg'
[0.240s] Level 1:colcon.colcon_core.package_identification:_identify(imu_complementary_filter) by extensions ['colcon_meta']
[0.240s] Level 1:colcon.colcon_core.package_identification:_identify(imu_complementary_filter) by extension 'colcon_meta'
[0.240s] Level 1:colcon.colcon_core.package_identification:_identify(imu_complementary_filter) by extensions ['ros']
[0.240s] Level 1:colcon.colcon_core.package_identification:_identify(imu_complementary_filter) by extension 'ros'
[0.241s] DEBUG:colcon.colcon_core.package_identification:Package 'imu_complementary_filter' with type 'ros.ament_cmake' and name 'imu_complementary_filter'
[0.241s] Level 1:colcon.colcon_core.package_identification:_identify(install) by extensions ['ignore', 'ignore_ament_install']
[0.241s] Level 1:colcon.colcon_core.package_identification:_identify(install) by extension 'ignore'
[0.241s] Level 1:colcon.colcon_core.package_identification:_identify(install) ignored
[0.241s] Level 1:colcon.colcon_core.package_identification:_identify(log) by extensions ['ignore', 'ignore_ament_install']
[0.241s] Level 1:colcon.colcon_core.package_identification:_identify(log) by extension 'ignore'
[0.241s] Level 1:colcon.colcon_core.package_identification:_identify(log) ignored
[0.241s] Level 1:colcon.colcon_core.package_identification:_identify(smartagurdf) by extensions ['ignore', 'ignore_ament_install']
[0.241s] Level 1:colcon.colcon_core.package_identification:_identify(smartagurdf) by extension 'ignore'
[0.241s] Level 1:colcon.colcon_core.package_identification:_identify(smartagurdf) by extension 'ignore_ament_install'
[0.242s] Level 1:colcon.colcon_core.package_identification:_identify(smartagurdf) by extensions ['colcon_pkg']
[0.242s] Level 1:colcon.colcon_core.package_identification:_identify(smartagurdf) by extension 'colcon_pkg'
[0.242s] Level 1:colcon.colcon_core.package_identification:_identify(smartagurdf) by extensions ['colcon_meta']
[0.242s] Level 1:colcon.colcon_core.package_identification:_identify(smartagurdf) by extension 'colcon_meta'
[0.242s] Level 1:colcon.colcon_core.package_identification:_identify(smartagurdf) by extensions ['ros']
[0.242s] Level 1:colcon.colcon_core.package_identification:_identify(smartagurdf) by extension 'ros'
[0.242s] DEBUG:colcon.colcon_core.package_identification:Package 'smartagurdf' with type 'ros.ament_cmake' and name 'smartagurdf'
[0.242s] Level 1:colcon.colcon_core.package_discovery:discover_packages(recursive) using defaults
[0.242s] Level 1:colcon.colcon_core.package_discovery:discover_packages(ignore) discover
[0.242s] Level 1:colcon.colcon_core.package_discovery:discover_packages(ignore) using defaults
[0.242s] Level 1:colcon.colcon_core.package_discovery:discover_packages(path) discover
[0.242s] Level 1:colcon.colcon_core.package_discovery:discover_packages(path) using defaults
[0.259s] Level 5:colcon.colcon_core.verb:set package 'hardwarelaunch' build argument 'cmake_args' from command line to 'None'
[0.259s] Level 5:colcon.colcon_core.verb:set package 'hardwarelaunch' build argument 'cmake_target' from command line to 'None'
[0.259s] Level 5:colcon.colcon_core.verb:set package 'hardwarelaunch' build argument 'cmake_target_skip_unavailable' from command line to 'False'
[0.259s] Level 5:colcon.colcon_core.verb:set package 'hardwarelaunch' build argument 'cmake_clean_cache' from command line to 'False'
[0.259s] Level 5:colcon.colcon_core.verb:set package 'hardwarelaunch' build argument 'cmake_clean_first' from command line to 'False'
[0.259s] Level 5:colcon.colcon_core.verb:set package 'hardwarelaunch' build argument 'cmake_force_configure' from command line to 'False'
[0.259s] Level 5:colcon.colcon_core.verb:set package 'hardwarelaunch' build argument 'ament_cmake_args' from command line to 'None'
[0.259s] Level 5:colcon.colcon_core.verb:set package 'hardwarelaunch' build argument 'catkin_cmake_args' from command line to 'None'
[0.259s] Level 5:colcon.colcon_core.verb:set package 'hardwarelaunch' build argument 'catkin_skip_building_tests' from command line to 'False'
[0.259s] DEBUG:colcon.colcon_core.verb:Building package 'hardwarelaunch' with the following arguments: {'ament_cmake_args': None, 'build_base': '/husky_ws/src/build/hardwarelaunch', 'catkin_cmake_args': None, 'catkin_skip_building_tests': False, 'cmake_args': None, 'cmake_clean_cache': False, 'cmake_clean_first': False, 'cmake_force_configure': False, 'cmake_target': None, 'cmake_target_skip_unavailable': False, 'install_base': '/husky_ws/src/install/hardwarelaunch', 'merge_install': False, 'path': '/husky_ws/src/hardwarelaunch', 'symlink_install': False, 'test_result_base': None}
[0.259s] Level 5:colcon.colcon_core.verb:set package 'husky_base' build argument 'cmake_args' from command line to 'None'
[0.259s] Level 5:colcon.colcon_core.verb:set package 'husky_base' build argument 'cmake_target' from command line to 'None'
[0.260s] Level 5:colcon.colcon_core.verb:set package 'husky_base' build argument 'cmake_target_skip_unavailable' from command line to 'False'
[0.260s] Level 5:colcon.colcon_core.verb:set package 'husky_base' build argument 'cmake_clean_cache' from command line to 'False'
[0.260s] Level 5:colcon.colcon_core.verb:set package 'husky_base' build argument 'cmake_clean_first' from command line to 'False'
[0.260s] Level 5:colcon.colcon_core.verb:set package 'husky_base' build argument 'cmake_force_configure' from command line to 'False'
[0.260s] Level 5:colcon.colcon_core.verb:set package 'husky_base' build argument 'ament_cmake_args' from command line to 'None'
[0.260s] Level 5:colcon.colcon_core.verb:set package 'husky_base' build argument 'catkin_cmake_args' from command line to 'None'
[0.260s] Level 5:colcon.colcon_core.verb:set package 'husky_base' build argument 'catkin_skip_building_tests' from command line to 'False'
[0.260s] DEBUG:colcon.colcon_core.verb:Building package 'husky_base' with the following arguments: {'ament_cmake_args': None, 'build_base': '/husky_ws/src/build/husky_base', 'catkin_cmake_args': None, 'catkin_skip_building_tests': False, 'cmake_args': None, 'cmake_clean_cache': False, 'cmake_clean_first': False, 'cmake_force_configure': False, 'cmake_target': None, 'cmake_target_skip_unavailable': False, 'install_base': '/husky_ws/src/install/husky_base', 'merge_install': False, 'path': '/husky_ws/src/husky_robot/husky_base', 'symlink_install': False, 'test_result_base': None}
[0.260s] Level 5:colcon.colcon_core.verb:set package 'husky_control' build argument 'cmake_args' from command line to 'None'
[0.260s] Level 5:colcon.colcon_core.verb:set package 'husky_control' build argument 'cmake_target' from command line to 'None'
[0.260s] Level 5:colcon.colcon_core.verb:set package 'husky_control' build argument 'cmake_target_skip_unavailable' from command line to 'False'
[0.260s] Level 5:colcon.colcon_core.verb:set package 'husky_control' build argument 'cmake_clean_cache' from command line to 'False'
[0.260s] Level 5:colcon.colcon_core.verb:set package 'husky_control' build argument 'cmake_clean_first' from command line to 'False'
[0.260s] Level 5:colcon.colcon_core.verb:set package 'husky_control' build argument 'cmake_force_configure' from command line to 'False'
[0.260s] Level 5:colcon.colcon_core.verb:set package 'husky_control' build argument 'ament_cmake_args' from command line to 'None'
[0.260s] Level 5:colcon.colcon_core.verb:set package 'husky_control' build argument 'catkin_cmake_args' from command line to 'None'
[0.260s] Level 5:colcon.colcon_core.verb:set package 'husky_control' build argument 'catkin_skip_building_tests' from command line to 'False'
[0.260s] DEBUG:colcon.colcon_core.verb:Building package 'husky_control' with the following arguments: {'ament_cmake_args': None, 'build_base': '/husky_ws/src/build/husky_control', 'catkin_cmake_args': None, 'catkin_skip_building_tests': False, 'cmake_args': None, 'cmake_clean_cache': False, 'cmake_clean_first': False, 'cmake_force_configure': False, 'cmake_target': None, 'cmake_target_skip_unavailable': False, 'install_base': '/husky_ws/src/install/husky_control', 'merge_install': False, 'path': '/husky_ws/src/husky_robot/husky_control', 'symlink_install': False, 'test_result_base': None}
[0.260s] Level 5:colcon.colcon_core.verb:set package 'hw_interface' build argument 'cmake_args' from command line to 'None'
[0.260s] Level 5:colcon.colcon_core.verb:set package 'hw_interface' build argument 'cmake_target' from command line to 'None'
[0.260s] Level 5:colcon.colcon_core.verb:set package 'hw_interface' build argument 'cmake_target_skip_unavailable' from command line to 'False'
[0.260s] Level 5:colcon.colcon_core.verb:set package 'hw_interface' build argument 'cmake_clean_cache' from command line to 'False'
[0.260s] Level 5:colcon.colcon_core.verb:set package 'hw_interface' build argument 'cmake_clean_first' from command line to 'False'
[0.260s] Level 5:colcon.colcon_core.verb:set package 'hw_interface' build argument 'cmake_force_configure' from command line to 'False'
[0.260s] Level 5:colcon.colcon_core.verb:set package 'hw_interface' build argument 'ament_cmake_args' from command line to 'None'
[0.260s] Level 5:colcon.colcon_core.verb:set package 'hw_interface' build argument 'catkin_cmake_args' from command line to 'None'
[0.260s] Level 5:colcon.colcon_core.verb:set package 'hw_interface' build argument 'catkin_skip_building_tests' from command line to 'False'
[0.260s] DEBUG:colcon.colcon_core.verb:Building package 'hw_interface' with the following arguments: {'ament_cmake_args': None, 'build_base': '/husky_ws/src/build/hw_interface', 'catkin_cmake_args': None, 'catkin_skip_building_tests': False, 'cmake_args': None, 'cmake_clean_cache': False, 'cmake_clean_first': False, 'cmake_force_configure': False, 'cmake_target': None, 'cmake_target_skip_unavailable': False, 'install_base': '/husky_ws/src/install/hw_interface', 'merge_install': False, 'path': '/husky_ws/src/hw_interface', 'symlink_install': False, 'test_result_base': None}
[0.261s] Level 5:colcon.colcon_core.verb:set package 'hw_interface_plugin_novatel_span' build argument 'cmake_args' from command line to 'None'
[0.261s] Level 5:colcon.colcon_core.verb:set package 'hw_interface_plugin_novatel_span' build argument 'cmake_target' from command line to 'None'
[0.261s] Level 5:colcon.colcon_core.verb:set package 'hw_interface_plugin_novatel_span' build argument 'cmake_target_skip_unavailable' from command line to 'False'
[0.261s] Level 5:colcon.colcon_core.verb:set package 'hw_interface_plugin_novatel_span' build argument 'cmake_clean_cache' from command line to 'False'
[0.261s] Level 5:colcon.colcon_core.verb:set package 'hw_interface_plugin_novatel_span' build argument 'cmake_clean_first' from command line to 'False'
[0.261s] Level 5:colcon.colcon_core.verb:set package 'hw_interface_plugin_novatel_span' build argument 'cmake_force_configure' from command line to 'False'
[0.261s] Level 5:colcon.colcon_core.verb:set package 'hw_interface_plugin_novatel_span' build argument 'ament_cmake_args' from command line to 'None'
[0.261s] Level 5:colcon.colcon_core.verb:set package 'hw_interface_plugin_novatel_span' build argument 'catkin_cmake_args' from command line to 'None'
[0.261s] Level 5:colcon.colcon_core.verb:set package 'hw_interface_plugin_novatel_span' build argument 'catkin_skip_building_tests' from command line to 'False'
[0.261s] DEBUG:colcon.colcon_core.verb:Building package 'hw_interface_plugin_novatel_span' with the following arguments: {'ament_cmake_args': None, 'build_base': '/husky_ws/src/build/hw_interface_plugin_novatel_span', 'catkin_cmake_args': None, 'catkin_skip_building_tests': False, 'cmake_args': None, 'cmake_clean_cache': False, 'cmake_clean_first': False, 'cmake_force_configure': False, 'cmake_target': None, 'cmake_target_skip_unavailable': False, 'install_base': '/husky_ws/src/install/hw_interface_plugin_novatel_span', 'merge_install': False, 'path': '/husky_ws/src/hw_interface_plugins/hw_interface_plugin_novatel_span', 'symlink_install': False, 'test_result_base': None}
[0.261s] Level 5:colcon.colcon_core.verb:set package 'imu_complementary_filter' build argument 'cmake_args' from command line to 'None'
[0.261s] Level 5:colcon.colcon_core.verb:set package 'imu_complementary_filter' build argument 'cmake_target' from command line to 'None'
[0.261s] Level 5:colcon.colcon_core.verb:set package 'imu_complementary_filter' build argument 'cmake_target_skip_unavailable' from command line to 'False'
[0.261s] Level 5:colcon.colcon_core.verb:set package 'imu_complementary_filter' build argument 'cmake_clean_cache' from command line to 'False'
[0.261s] Level 5:colcon.colcon_core.verb:set package 'imu_complementary_filter' build argument 'cmake_clean_first' from command line to 'False'
[0.261s] Level 5:colcon.colcon_core.verb:set package 'imu_complementary_filter' build argument 'cmake_force_configure' from command line to 'False'
[0.261s] Level 5:colcon.colcon_core.verb:set package 'imu_complementary_filter' build argument 'ament_cmake_args' from command line to 'None'
[0.261s] Level 5:colcon.colcon_core.verb:set package 'imu_complementary_filter' build argument 'catkin_cmake_args' from command line to 'None'
[0.261s] Level 5:colcon.colcon_core.verb:set package 'imu_complementary_filter' build argument 'catkin_skip_building_tests' from command line to 'False'
[0.261s] DEBUG:colcon.colcon_core.verb:Building package 'imu_complementary_filter' with the following arguments: {'ament_cmake_args': None, 'build_base': '/husky_ws/src/build/imu_complementary_filter', 'catkin_cmake_args': None, 'catkin_skip_building_tests': False, 'cmake_args': None, 'cmake_clean_cache': False, 'cmake_clean_first': False, 'cmake_force_configure': False, 'cmake_target': None, 'cmake_target_skip_unavailable': False, 'install_base': '/husky_ws/src/install/imu_complementary_filter', 'merge_install': False, 'path': '/husky_ws/src/imu_complementary_filter', 'symlink_install': False, 'test_result_base': None}
[0.261s] Level 5:colcon.colcon_core.verb:set package 'smartagurdf' build argument 'cmake_args' from command line to 'None'
[0.262s] Level 5:colcon.colcon_core.verb:set package 'smartagurdf' build argument 'cmake_target' from command line to 'None'
[0.262s] Level 5:colcon.colcon_core.verb:set package 'smartagurdf' build argument 'cmake_target_skip_unavailable' from command line to 'False'
[0.262s] Level 5:colcon.colcon_core.verb:set package 'smartagurdf' build argument 'cmake_clean_cache' from command line to 'False'
[0.262s] Level 5:colcon.colcon_core.verb:set package 'smartagurdf' build argument 'cmake_clean_first' from command line to 'False'
[0.262s] Level 5:colcon.colcon_core.verb:set package 'smartagurdf' build argument 'cmake_force_configure' from command line to 'False'
[0.262s] Level 5:colcon.colcon_core.verb:set package 'smartagurdf' build argument 'ament_cmake_args' from command line to 'None'
[0.262s] Level 5:colcon.colcon_core.verb:set package 'smartagurdf' build argument 'catkin_cmake_args' from command line to 'None'
[0.262s] Level 5:colcon.colcon_core.verb:set package 'smartagurdf' build argument 'catkin_skip_building_tests' from command line to 'False'
[0.262s] DEBUG:colcon.colcon_core.verb:Building package 'smartagurdf' with the following arguments: {'ament_cmake_args': None, 'build_base': '/husky_ws/src/build/smartagurdf', 'catkin_cmake_args': None, 'catkin_skip_building_tests': False, 'cmake_args': None, 'cmake_clean_cache': False, 'cmake_clean_first': False, 'cmake_force_configure': False, 'cmake_target': None, 'cmake_target_skip_unavailable': False, 'install_base': '/husky_ws/src/install/smartagurdf', 'merge_install': False, 'path': '/husky_ws/src/smartagurdf', 'symlink_install': False, 'test_result_base': None}
[0.262s] Level 5:colcon.colcon_core.verb:set package 'husky_bringup' build argument 'cmake_args' from command line to 'None'
[0.262s] Level 5:colcon.colcon_core.verb:set package 'husky_bringup' build argument 'cmake_target' from command line to 'None'
[0.262s] Level 5:colcon.colcon_core.verb:set package 'husky_bringup' build argument 'cmake_target_skip_unavailable' from command line to 'False'
[0.262s] Level 5:colcon.colcon_core.verb:set package 'husky_bringup' build argument 'cmake_clean_cache' from command line to 'False'
[0.262s] Level 5:colcon.colcon_core.verb:set package 'husky_bringup' build argument 'cmake_clean_first' from command line to 'False'
[0.262s] Level 5:colcon.colcon_core.verb:set package 'husky_bringup' build argument 'cmake_force_configure' from command line to 'False'
[0.262s] Level 5:colcon.colcon_core.verb:set package 'husky_bringup' build argument 'ament_cmake_args' from command line to 'None'
[0.262s] Level 5:colcon.colcon_core.verb:set package 'husky_bringup' build argument 'catkin_cmake_args' from command line to 'None'
[0.262s] Level 5:colcon.colcon_core.verb:set package 'husky_bringup' build argument 'catkin_skip_building_tests' from command line to 'False'
[0.262s] DEBUG:colcon.colcon_core.verb:Building package 'husky_bringup' with the following arguments: {'ament_cmake_args': None, 'build_base': '/husky_ws/src/build/husky_bringup', 'catkin_cmake_args': None, 'catkin_skip_building_tests': False, 'cmake_args': None, 'cmake_clean_cache': False, 'cmake_clean_first': False, 'cmake_force_configure': False, 'cmake_target': None, 'cmake_target_skip_unavailable': False, 'install_base': '/husky_ws/src/install/husky_bringup', 'merge_install': False, 'path': '/husky_ws/src/husky_robot/husky_bringup', 'symlink_install': False, 'test_result_base': None}
[0.262s] INFO:colcon.colcon_core.executor:Executing jobs using 'parallel' executor
[0.263s] DEBUG:colcon.colcon_parallel_executor.executor.parallel:run_until_complete
[0.263s] INFO:colcon.colcon_ros.task.ament_cmake.build:Building ROS package in '/husky_ws/src/husky_robot/husky_base' with build type 'ament_cmake'
[0.264s] INFO:colcon.colcon_cmake.task.cmake.build:Building CMake package in '/husky_ws/src/husky_robot/husky_base'
[0.266s] INFO:colcon.colcon_core.plugin_system:Skipping extension 'colcon_core.shell.bat': Not used on non-Windows systems
[0.266s] INFO:colcon.colcon_core.shell:Skip shell extension 'powershell' for command environment: Not usable outside of PowerShell
[0.266s] DEBUG:colcon.colcon_core.shell:Skip shell extension 'dsv' for command environment
[0.271s] INFO:colcon.colcon_ros.task.ament_cmake.build:Building ROS package in '/husky_ws/src/husky_robot/husky_control' with build type 'ament_cmake'
[0.272s] INFO:colcon.colcon_cmake.task.cmake.build:Building CMake package in '/husky_ws/src/husky_robot/husky_control'
[0.272s] INFO:colcon.colcon_core.shell:Skip shell extension 'powershell' for command environment: Not usable outside of PowerShell
[0.272s] DEBUG:colcon.colcon_core.shell:Skip shell extension 'dsv' for command environment
[0.275s] INFO:colcon.colcon_ros.task.catkin.build:Building ROS package in '/husky_ws/src/hardwarelaunch' with build type 'catkin'
[0.275s] INFO:colcon.colcon_cmake.task.cmake.build:Building CMake package in '/husky_ws/src/hardwarelaunch'
[0.275s] INFO:colcon.colcon_core.shell:Skip shell extension 'powershell' for command environment: Not usable outside of PowerShell
[0.275s] DEBUG:colcon.colcon_core.shell:Skip shell extension 'dsv' for command environment
[0.278s] INFO:colcon.colcon_ros.task.ament_cmake.build:Building ROS package in '/husky_ws/src/hw_interface' with build type 'ament_cmake'
[0.278s] INFO:colcon.colcon_cmake.task.cmake.build:Building CMake package in '/husky_ws/src/hw_interface'
[0.279s] INFO:colcon.colcon_core.shell:Skip shell extension 'powershell' for command environment: Not usable outside of PowerShell
[0.279s] DEBUG:colcon.colcon_core.shell:Skip shell extension 'dsv' for command environment
[0.283s] INFO:colcon.colcon_cmake.task.cmake.build:Building CMake package in '/husky_ws/src/hw_interface_plugins/hw_interface_plugin_novatel_span'
[0.284s] INFO:colcon.colcon_core.shell:Skip shell extension 'powershell' for command environment: Not usable outside of PowerShell
[0.284s] DEBUG:colcon.colcon_core.shell:Skip shell extension 'dsv' for command environment
[0.287s] INFO:colcon.colcon_ros.task.ament_cmake.build:Building ROS package in '/husky_ws/src/imu_complementary_filter' with build type 'ament_cmake'
[0.287s] INFO:colcon.colcon_cmake.task.cmake.build:Building CMake package in '/husky_ws/src/imu_complementary_filter'
[0.287s] INFO:colcon.colcon_core.shell:Skip shell extension 'powershell' for command environment: Not usable outside of PowerShell
[0.287s] DEBUG:colcon.colcon_core.shell:Skip shell extension 'dsv' for command environment
[0.290s] INFO:colcon.colcon_ros.task.ament_cmake.build:Building ROS package in '/husky_ws/src/smartagurdf' with build type 'ament_cmake'
[0.290s] INFO:colcon.colcon_cmake.task.cmake.build:Building CMake package in '/husky_ws/src/smartagurdf'
[0.291s] INFO:colcon.colcon_core.shell:Skip shell extension 'powershell' for command environment: Not usable outside of PowerShell
[0.291s] DEBUG:colcon.colcon_core.shell:Skip shell extension 'dsv' for command environment
[0.316s] DEBUG:colcon.colcon_core.event_handler.log_command:Invoking command in '/husky_ws/src/build/husky_base': CMAKE_PREFIX_PATH=/opt/ros/humble /usr/bin/cmake /husky_ws/src/husky_robot/husky_base -DCMAKE_INSTALL_PREFIX=/husky_ws/src/install/husky_base
[0.320s] DEBUG:colcon.colcon_core.event_handler.log_command:Invoking command in '/husky_ws/src/build/husky_control': CMAKE_PREFIX_PATH=/opt/ros/humble /usr/bin/cmake --build /husky_ws/src/build/husky_control -- -j16 -l16
[0.321s] DEBUG:colcon.colcon_core.event_handler.log_command:Invoking command in '/husky_ws/src/build/hardwarelaunch': /usr/bin/cmake --build /husky_ws/src/build/hardwarelaunch -- -j16 -l16
[0.324s] DEBUG:colcon.colcon_core.event_handler.log_command:Invoking command in '/husky_ws/src/build/hw_interface': CMAKE_PREFIX_PATH=/opt/ros/humble /usr/bin/cmake --build /husky_ws/src/build/hw_interface -- -j16 -l16
[0.326s] DEBUG:colcon.colcon_core.event_handler.log_command:Invoking command in '/husky_ws/src/build/hw_interface_plugin_novatel_span': /usr/bin/cmake --build /husky_ws/src/build/hw_interface_plugin_novatel_span -- -j16 -l16
[0.329s] DEBUG:colcon.colcon_core.event_handler.log_command:Invoking command in '/husky_ws/src/build/imu_complementary_filter': CMAKE_PREFIX_PATH=/opt/ros/humble /usr/bin/cmake --build /husky_ws/src/build/imu_complementary_filter -- -j16 -l16
[0.333s] DEBUG:colcon.colcon_core.event_handler.log_command:Invoking command in '/husky_ws/src/build/smartagurdf': CMAKE_PREFIX_PATH=/opt/ros/humble /usr/bin/cmake --build /husky_ws/src/build/smartagurdf -- -j16 -l16
[0.362s] DEBUG:colcon.colcon_core.event_handler.log_command:Invoked command in '/husky_ws/src/build/husky_control' returned '0': CMAKE_PREFIX_PATH=/opt/ros/humble /usr/bin/cmake --build /husky_ws/src/build/husky_control -- -j16 -l16
[0.374s] DEBUG:colcon.colcon_core.event_handler.log_command:Invoking command in '/husky_ws/src/build/husky_control': CMAKE_PREFIX_PATH=/opt/ros/humble /usr/bin/cmake --install /husky_ws/src/build/husky_control
[0.377s] DEBUG:colcon.colcon_core.event_handler.log_command:Invoked command in '/husky_ws/src/build/hardwarelaunch' returned '0': /usr/bin/cmake --build /husky_ws/src/build/hardwarelaunch -- -j16 -l16
[0.381s] DEBUG:colcon.colcon_core.event_handler.log_command:Invoking command in '/husky_ws/src/build/hardwarelaunch': /usr/bin/cmake --install /husky_ws/src/build/hardwarelaunch
[0.381s] DEBUG:colcon.colcon_core.event_handler.log_command:Invoked command in '/husky_ws/src/build/hw_interface_plugin_novatel_span' returned '0': /usr/bin/cmake --build /husky_ws/src/build/hw_interface_plugin_novatel_span -- -j16 -l16
[0.382s] WARNING:colcon.colcon_cmake.task.cmake.build:Could not run installation step for package 'hw_interface_plugin_novatel_span' because it has no 'install' target
[0.382s] Level 1:colcon.colcon_core.environment:create_environment_scripts_only(hw_interface_plugin_novatel_span)
[0.391s] Level 1:colcon.colcon_core.environment:checking '/husky_ws/src/install/hw_interface_plugin_novatel_span' for CMake module files
[0.392s] Level 1:colcon.colcon_core.environment:checking '/husky_ws/src/install/hw_interface_plugin_novatel_span' for CMake config files
[0.393s] Level 1:colcon.colcon_core.environment:checking '/husky_ws/src/install/hw_interface_plugin_novatel_span/bin'
[0.393s] Level 1:colcon.colcon_core.environment:checking '/husky_ws/src/install/hw_interface_plugin_novatel_span/lib/pkgconfig/hw_interface_plugin_novatel_span.pc'
[0.398s] Level 1:colcon.colcon_core.environment:checking '/husky_ws/src/install/hw_interface_plugin_novatel_span/lib/python3.10/site-packages'
[0.398s] Level 1:colcon.colcon_core.environment:checking '/husky_ws/src/install/hw_interface_plugin_novatel_span/bin'
[0.399s] INFO:colcon.colcon_core.shell:Creating package script '/husky_ws/src/install/hw_interface_plugin_novatel_span/share/hw_interface_plugin_novatel_span/package.ps1'
[0.402s] INFO:colcon.colcon_core.shell:Creating package descriptor '/husky_ws/src/install/hw_interface_plugin_novatel_span/share/hw_interface_plugin_novatel_span/package.dsv'
[0.403s] INFO:colcon.colcon_core.shell:Creating package script '/husky_ws/src/install/hw_interface_plugin_novatel_span/share/hw_interface_plugin_novatel_span/package.sh'
[0.404s] INFO:colcon.colcon_core.shell:Creating package script '/husky_ws/src/install/hw_interface_plugin_novatel_span/share/hw_interface_plugin_novatel_span/package.bash'
[0.405s] INFO:colcon.colcon_core.shell:Creating package script '/husky_ws/src/install/hw_interface_plugin_novatel_span/share/hw_interface_plugin_novatel_span/package.zsh'
[0.405s] Level 1:colcon.colcon_core.environment:create_file_with_runtime_dependencies(/husky_ws/src/install/hw_interface_plugin_novatel_span/share/colcon-core/packages/hw_interface_plugin_novatel_span)
[0.407s] DEBUG:colcon.colcon_core.event_handler.log_command:Invoked command in '/husky_ws/src/build/smartagurdf' returned '0': CMAKE_PREFIX_PATH=/opt/ros/humble /usr/bin/cmake --build /husky_ws/src/build/smartagurdf -- -j16 -l16
[0.408s] DEBUG:colcon.colcon_core.event_handler.log_command:Invoking command in '/husky_ws/src/build/smartagurdf': CMAKE_PREFIX_PATH=/opt/ros/humble /usr/bin/cmake --install /husky_ws/src/build/smartagurdf
[0.409s] Level 1:colcon.colcon_core.environment:create_environment_scripts_only(husky_control)
[0.410s] Level 1:colcon.colcon_core.environment:checking '/husky_ws/src/install/husky_control' for CMake module files
[0.411s] DEBUG:colcon.colcon_core.event_handler.log_command:Invoked command in '/husky_ws/src/build/husky_control' returned '0': CMAKE_PREFIX_PATH=/opt/ros/humble /usr/bin/cmake --install /husky_ws/src/build/husky_control
[0.411s] Level 1:colcon.colcon_core.environment:checking '/husky_ws/src/install/husky_control' for CMake config files
[0.411s] Level 1:colcon.colcon_core.shell:create_environment_hook('husky_control', 'cmake_prefix_path')
[0.412s] INFO:colcon.colcon_core.shell:Creating environment hook '/husky_ws/src/install/husky_control/share/husky_control/hook/cmake_prefix_path.ps1'
[0.412s] INFO:colcon.colcon_core.shell:Creating environment descriptor '/husky_ws/src/install/husky_control/share/husky_control/hook/cmake_prefix_path.dsv'
[0.413s] INFO:colcon.colcon_core.shell:Creating environment hook '/husky_ws/src/install/husky_control/share/husky_control/hook/cmake_prefix_path.sh'
[0.414s] Level 1:colcon.colcon_core.environment:checking '/husky_ws/src/install/husky_control/bin'
[0.414s] Level 1:colcon.colcon_core.environment:checking '/husky_ws/src/install/husky_control/lib/pkgconfig/husky_control.pc'
[0.414s] Level 1:colcon.colcon_core.environment:checking '/husky_ws/src/install/husky_control/lib/python3.10/site-packages'
[0.414s] Level 1:colcon.colcon_core.environment:checking '/husky_ws/src/install/husky_control/bin'
[0.415s] INFO:colcon.colcon_core.shell:Creating package script '/husky_ws/src/install/husky_control/share/husky_control/package.ps1'
[0.415s] INFO:colcon.colcon_core.shell:Creating package descriptor '/husky_ws/src/install/husky_control/share/husky_control/package.dsv'
[0.416s] INFO:colcon.colcon_core.shell:Creating package script '/husky_ws/src/install/husky_control/share/husky_control/package.sh'
[0.416s] INFO:colcon.colcon_core.shell:Creating package script '/husky_ws/src/install/husky_control/share/husky_control/package.bash'
[0.416s] INFO:colcon.colcon_core.shell:Creating package script '/husky_ws/src/install/husky_control/share/husky_control/package.zsh'
[0.417s] Level 1:colcon.colcon_core.environment:create_file_with_runtime_dependencies(/husky_ws/src/install/husky_control/share/colcon-core/packages/husky_control)
[0.418s] Level 1:colcon.colcon_core.environment:create_environment_scripts_only(husky_control)
[0.418s] Level 1:colcon.colcon_core.environment:checking '/husky_ws/src/install/husky_control' for CMake module files
[0.420s] Level 1:colcon.colcon_core.environment:checking '/husky_ws/src/install/husky_control' for CMake config files
[0.420s] Level 1:colcon.colcon_core.shell:create_environment_hook('husky_control', 'cmake_prefix_path')
[0.420s] INFO:colcon.colcon_core.shell:Creating environment hook '/husky_ws/src/install/husky_control/share/husky_control/hook/cmake_prefix_path.ps1'
[0.421s] INFO:colcon.colcon_core.shell:Creating environment descriptor '/husky_ws/src/install/husky_control/share/husky_control/hook/cmake_prefix_path.dsv'
[0.421s] INFO:colcon.colcon_core.shell:Creating environment hook '/husky_ws/src/install/husky_control/share/husky_control/hook/cmake_prefix_path.sh'
[0.422s] Level 1:colcon.colcon_core.environment:checking '/husky_ws/src/install/husky_control/bin'
[0.422s] Level 1:colcon.colcon_core.environment:checking '/husky_ws/src/install/husky_control/lib/pkgconfig/husky_control.pc'
[0.423s] Level 1:colcon.colcon_core.environment:checking '/husky_ws/src/install/husky_control/lib/python3.10/site-packages'
[0.423s] Level 1:colcon.colcon_core.environment:checking '/husky_ws/src/install/husky_control/bin'
[0.423s] INFO:colcon.colcon_core.shell:Creating package script '/husky_ws/src/install/husky_control/share/husky_control/package.ps1'
[0.424s] INFO:colcon.colcon_core.shell:Creating package descriptor '/husky_ws/src/install/husky_control/share/husky_control/package.dsv'
[0.424s] INFO:colcon.colcon_core.shell:Creating package script '/husky_ws/src/install/husky_control/share/husky_control/package.sh'
[0.425s] INFO:colcon.colcon_core.shell:Creating package script '/husky_ws/src/install/husky_control/share/husky_control/package.bash'
[0.425s] INFO:colcon.colcon_core.shell:Creating package script '/husky_ws/src/install/husky_control/share/husky_control/package.zsh'
[0.426s] Level 1:colcon.colcon_core.environment:create_file_with_runtime_dependencies(/husky_ws/src/install/husky_control/share/colcon-core/packages/husky_control)
[0.426s] Level 1:colcon.colcon_core.shell:create_environment_hook('hardwarelaunch', 'ros_package_path')
[0.427s] INFO:colcon.colcon_core.shell:Creating environment hook '/husky_ws/src/install/hardwarelaunch/share/hardwarelaunch/hook/ros_package_path.ps1'
[0.427s] DEBUG:colcon.colcon_core.event_handler.log_command:Invoked command in '/husky_ws/src/build/hardwarelaunch' returned '0': /usr/bin/cmake --install /husky_ws/src/build/hardwarelaunch
[0.428s] INFO:colcon.colcon_core.shell:Creating environment descriptor '/husky_ws/src/install/hardwarelaunch/share/hardwarelaunch/hook/ros_package_path.dsv'
[0.428s] INFO:colcon.colcon_core.shell:Creating environment hook '/husky_ws/src/install/hardwarelaunch/share/hardwarelaunch/hook/ros_package_path.sh'
[0.429s] Level 1:colcon.colcon_core.shell:create_environment_hook('hardwarelaunch', 'pkg_config_path')
[0.429s] INFO:colcon.colcon_core.shell:Creating environment hook '/husky_ws/src/install/hardwarelaunch/share/hardwarelaunch/hook/pkg_config_path.ps1'
[0.429s] INFO:colcon.colcon_core.shell:Creating environment descriptor '/husky_ws/src/install/hardwarelaunch/share/hardwarelaunch/hook/pkg_config_path.dsv'
[0.430s] INFO:colcon.colcon_core.shell:Creating environment hook '/husky_ws/src/install/hardwarelaunch/share/hardwarelaunch/hook/pkg_config_path.sh'
[0.432s] Level 1:colcon.colcon_core.shell:create_environment_hook('hardwarelaunch', 'pkg_config_path_multiarch')
[0.432s] INFO:colcon.colcon_core.shell:Creating environment hook '/husky_ws/src/install/hardwarelaunch/share/hardwarelaunch/hook/pkg_config_path_multiarch.ps1'
[0.433s] INFO:colcon.colcon_core.shell:Creating environment descriptor '/husky_ws/src/install/hardwarelaunch/share/hardwarelaunch/hook/pkg_config_path_multiarch.dsv'
[0.434s] INFO:colcon.colcon_core.shell:Creating environment hook '/husky_ws/src/install/hardwarelaunch/share/hardwarelaunch/hook/pkg_config_path_multiarch.sh'
[0.435s] Level 1:colcon.colcon_core.environment:create_environment_scripts_only(hardwarelaunch)
[0.436s] Level 1:colcon.colcon_core.environment:checking '/husky_ws/src/install/hardwarelaunch' for CMake module files
[0.437s] Level 1:colcon.colcon_core.environment:checking '/husky_ws/src/install/hardwarelaunch' for CMake config files
[0.437s] Level 1:colcon.colcon_core.shell:create_environment_hook('hardwarelaunch', 'cmake_prefix_path')
[0.437s] INFO:colcon.colcon_core.shell:Creating environment hook '/husky_ws/src/install/hardwarelaunch/share/hardwarelaunch/hook/cmake_prefix_path.ps1'
[0.438s] INFO:colcon.colcon_core.shell:Creating environment descriptor '/husky_ws/src/install/hardwarelaunch/share/hardwarelaunch/hook/cmake_prefix_path.dsv'
[0.438s] INFO:colcon.colcon_core.shell:Creating environment hook '/husky_ws/src/install/hardwarelaunch/share/hardwarelaunch/hook/cmake_prefix_path.sh'
[0.439s] Level 1:colcon.colcon_core.environment:checking '/husky_ws/src/install/hardwarelaunch/lib'
[0.439s] Level 1:colcon.colcon_core.environment:checking '/husky_ws/src/install/hardwarelaunch/bin'
[0.439s] Level 1:colcon.colcon_core.environment:checking '/husky_ws/src/install/hardwarelaunch/lib/pkgconfig/hardwarelaunch.pc'
[0.439s] Level 1:colcon.colcon_core.environment:checking '/husky_ws/src/install/hardwarelaunch/lib/python3.10/site-packages'
[0.440s] Level 1:colcon.colcon_core.environment:checking '/husky_ws/src/install/hardwarelaunch/bin'
[0.440s] INFO:colcon.colcon_core.shell:Creating package script '/husky_ws/src/install/hardwarelaunch/share/hardwarelaunch/package.ps1'
[0.442s] INFO:colcon.colcon_core.shell:Creating package descriptor '/husky_ws/src/install/hardwarelaunch/share/hardwarelaunch/package.dsv'
[0.444s] INFO:colcon.colcon_core.shell:Creating package script '/husky_ws/src/install/hardwarelaunch/share/hardwarelaunch/package.sh'
[0.444s] INFO:colcon.colcon_core.shell:Creating package script '/husky_ws/src/install/hardwarelaunch/share/hardwarelaunch/package.bash'
[0.445s] INFO:colcon.colcon_core.shell:Creating package script '/husky_ws/src/install/hardwarelaunch/share/hardwarelaunch/package.zsh'
[0.445s] Level 1:colcon.colcon_core.environment:create_file_with_runtime_dependencies(/husky_ws/src/install/hardwarelaunch/share/colcon-core/packages/hardwarelaunch)
[0.447s] Level 1:colcon.colcon_core.environment:create_environment_scripts_only(smartagurdf)
[0.447s] Level 1:colcon.colcon_core.environment:checking '/husky_ws/src/install/smartagurdf' for CMake module files
[0.448s] DEBUG:colcon.colcon_core.event_handler.log_command:Invoked command in '/husky_ws/src/build/smartagurdf' returned '0': CMAKE_PREFIX_PATH=/opt/ros/humble /usr/bin/cmake --install /husky_ws/src/build/smartagurdf
[0.449s] Level 1:colcon.colcon_core.environment:checking '/husky_ws/src/install/smartagurdf' for CMake config files
[0.449s] Level 1:colcon.colcon_core.shell:create_environment_hook('smartagurdf', 'cmake_prefix_path')
[0.449s] INFO:colcon.colcon_core.shell:Creating environment hook '/husky_ws/src/install/smartagurdf/share/smartagurdf/hook/cmake_prefix_path.ps1'
[0.450s] INFO:colcon.colcon_core.shell:Creating environment descriptor '/husky_ws/src/install/smartagurdf/share/smartagurdf/hook/cmake_prefix_path.dsv'
[0.450s] INFO:colcon.colcon_core.shell:Creating environment hook '/husky_ws/src/install/smartagurdf/share/smartagurdf/hook/cmake_prefix_path.sh'
[0.451s] Level 1:colcon.colcon_core.environment:checking '/husky_ws/src/install/smartagurdf/bin'
[0.451s] Level 1:colcon.colcon_core.environment:checking '/husky_ws/src/install/smartagurdf/lib/pkgconfig/smartagurdf.pc'
[0.451s] Level 1:colcon.colcon_core.environment:checking '/husky_ws/src/install/smartagurdf/lib/python3.10/site-packages'
[0.452s] Level 1:colcon.colcon_core.environment:checking '/husky_ws/src/install/smartagurdf/bin'
[0.452s] INFO:colcon.colcon_core.shell:Creating package script '/husky_ws/src/install/smartagurdf/share/smartagurdf/package.ps1'
[0.453s] INFO:colcon.colcon_core.shell:Creating package descriptor '/husky_ws/src/install/smartagurdf/share/smartagurdf/package.dsv'
[0.453s] INFO:colcon.colcon_core.shell:Creating package script '/husky_ws/src/install/smartagurdf/share/smartagurdf/package.sh'
[0.454s] INFO:colcon.colcon_core.shell:Creating package script '/husky_ws/src/install/smartagurdf/share/smartagurdf/package.bash'
[0.454s] INFO:colcon.colcon_core.shell:Creating package script '/husky_ws/src/install/smartagurdf/share/smartagurdf/package.zsh'
[0.455s] Level 1:colcon.colcon_core.environment:create_file_with_runtime_dependencies(/husky_ws/src/install/smartagurdf/share/colcon-core/packages/smartagurdf)
[0.455s] Level 1:colcon.colcon_core.environment:create_environment_scripts_only(smartagurdf)
[0.456s] Level 1:colcon.colcon_core.environment:checking '/husky_ws/src/install/smartagurdf' for CMake module files
[0.456s] Level 1:colcon.colcon_core.environment:checking '/husky_ws/src/install/smartagurdf' for CMake config files
[0.456s] Level 1:colcon.colcon_core.shell:create_environment_hook('smartagurdf', 'cmake_prefix_path')
[0.457s] INFO:colcon.colcon_core.shell:Creating environment hook '/husky_ws/src/install/smartagurdf/share/smartagurdf/hook/cmake_prefix_path.ps1'
[0.457s] INFO:colcon.colcon_core.shell:Creating environment descriptor '/husky_ws/src/install/smartagurdf/share/smartagurdf/hook/cmake_prefix_path.dsv'
[0.458s] INFO:colcon.colcon_core.shell:Creating environment hook '/husky_ws/src/install/smartagurdf/share/smartagurdf/hook/cmake_prefix_path.sh'
[0.458s] Level 1:colcon.colcon_core.environment:checking '/husky_ws/src/install/smartagurdf/bin'
[0.458s] Level 1:colcon.colcon_core.environment:checking '/husky_ws/src/install/smartagurdf/lib/pkgconfig/smartagurdf.pc'
[0.459s] Level 1:colcon.colcon_core.environment:checking '/husky_ws/src/install/smartagurdf/lib/python3.10/site-packages'
[0.459s] Level 1:colcon.colcon_core.environment:checking '/husky_ws/src/install/smartagurdf/bin'
[0.459s] INFO:colcon.colcon_core.shell:Creating package script '/husky_ws/src/install/smartagurdf/share/smartagurdf/package.ps1'
[0.459s] INFO:colcon.colcon_core.shell:Creating package descriptor '/husky_ws/src/install/smartagurdf/share/smartagurdf/package.dsv'
[0.460s] INFO:colcon.colcon_core.shell:Creating package script '/husky_ws/src/install/smartagurdf/share/smartagurdf/package.sh'
[0.460s] INFO:colcon.colcon_core.shell:Creating package script '/husky_ws/src/install/smartagurdf/share/smartagurdf/package.bash'
[0.461s] INFO:colcon.colcon_core.shell:Creating package script '/husky_ws/src/install/smartagurdf/share/smartagurdf/package.zsh'
[0.461s] Level 1:colcon.colcon_core.environment:create_file_with_runtime_dependencies(/husky_ws/src/install/smartagurdf/share/colcon-core/packages/smartagurdf)
[0.834s] DEBUG:colcon.colcon_core.event_handler.log_command:Invoked command in '/husky_ws/src/build/imu_complementary_filter' returned '2': CMAKE_PREFIX_PATH=/opt/ros/humble /usr/bin/cmake --build /husky_ws/src/build/imu_complementary_filter -- -j16 -l16
[0.834s] Level 1:colcon.colcon_core.environment:create_environment_scripts_only(imu_complementary_filter)
[0.835s] Level 1:colcon.colcon_core.environment:checking '/husky_ws/src/install/imu_complementary_filter' for CMake module files
[0.835s] Level 1:colcon.colcon_core.environment:checking '/husky_ws/src/install/imu_complementary_filter' for CMake config files
[0.835s] Level 1:colcon.colcon_core.environment:checking '/husky_ws/src/install/imu_complementary_filter/bin'
[0.835s] Level 1:colcon.colcon_core.environment:checking '/husky_ws/src/install/imu_complementary_filter/lib/pkgconfig/imu_complementary_filter.pc'
[0.836s] Level 1:colcon.colcon_core.environment:checking '/husky_ws/src/install/imu_complementary_filter/lib/python3.10/site-packages'
[0.836s] Level 1:colcon.colcon_core.environment:checking '/husky_ws/src/install/imu_complementary_filter/bin'
[0.836s] INFO:colcon.colcon_core.shell:Creating package script '/husky_ws/src/install/imu_complementary_filter/share/imu_complementary_filter/package.ps1'
[0.837s] INFO:colcon.colcon_core.shell:Creating package descriptor '/husky_ws/src/install/imu_complementary_filter/share/imu_complementary_filter/package.dsv'
[0.838s] INFO:colcon.colcon_core.shell:Creating package script '/husky_ws/src/install/imu_complementary_filter/share/imu_complementary_filter/package.sh'
[0.838s] INFO:colcon.colcon_core.shell:Creating package script '/husky_ws/src/install/imu_complementary_filter/share/imu_complementary_filter/package.bash'
[0.838s] INFO:colcon.colcon_core.shell:Creating package script '/husky_ws/src/install/imu_complementary_filter/share/imu_complementary_filter/package.zsh'
[0.839s] Level 1:colcon.colcon_core.environment:create_file_with_runtime_dependencies(/husky_ws/src/install/imu_complementary_filter/share/colcon-core/packages/imu_complementary_filter)
[6.921s] DEBUG:colcon.colcon_parallel_executor.executor.parallel:closing loop
[6.921s] DEBUG:colcon.colcon_parallel_executor.executor.parallel:loop closed
[6.921s] DEBUG:colcon.colcon_parallel_executor.executor.parallel:run_until_complete finished with '2'
[6.922s] DEBUG:colcon.colcon_core.event_reactor:joining thread
[6.927s] INFO:colcon.colcon_core.plugin_system:Skipping extension 'colcon_notification.desktop_notification.notify_send': Could not find 'notify-send'
[6.927s] INFO:colcon.colcon_core.plugin_system:Skipping extension 'colcon_notification.desktop_notification.terminal_notifier': Not used on non-Darwin systems
[6.927s] INFO:colcon.colcon_core.plugin_system:Skipping extension 'colcon_notification.desktop_notification.win32': Not used on non-Windows systems
[6.927s] INFO:colcon.colcon_notification.desktop_notification:Sending desktop notification using 'notify2'
[6.930s] DEBUG:colcon.colcon_notification.desktop_notification.notify2:Failed to initialize notify2: org.freedesktop.DBus.Error.Spawn.ExecFailed: /usr/bin/dbus-launch terminated abnormally without any error message
[6.930s] DEBUG:colcon.colcon_core.event_reactor:joined thread
[6.931s] INFO:colcon.colcon_core.shell:Creating prefix script '/husky_ws/src/install/local_setup.ps1'
[6.932s] INFO:colcon.colcon_core.shell:Creating prefix util module '/husky_ws/src/install/_local_setup_util_ps1.py'
[6.933s] INFO:colcon.colcon_core.shell:Creating prefix chain script '/husky_ws/src/install/setup.ps1'
[6.933s] INFO:colcon.colcon_core.shell:Creating prefix script '/husky_ws/src/install/local_setup.sh'
[6.934s] INFO:colcon.colcon_core.shell:Creating prefix util module '/husky_ws/src/install/_local_setup_util_sh.py'
[6.934s] INFO:colcon.colcon_core.shell:Creating prefix chain script '/husky_ws/src/install/setup.sh'
[6.935s] INFO:colcon.colcon_core.shell:Creating prefix script '/husky_ws/src/install/local_setup.bash'
[6.935s] INFO:colcon.colcon_core.shell:Creating prefix chain script '/husky_ws/src/install/setup.bash'
[6.936s] INFO:colcon.colcon_core.shell:Creating prefix script '/husky_ws/src/install/local_setup.zsh'
[6.936s] INFO:colcon.colcon_core.shell:Creating prefix chain script '/husky_ws/src/install/setup.zsh'
