-- Install configuration: ""
-- Installing: /husky_ws/src/install/smartagurdf/share/smartagurdf/config/config
-- Installing: /husky_ws/src/install/smartagurdf/share/smartagurdf/config/config/joint_names_smartagurdf.yaml
-- Installing: /husky_ws/src/install/smartagurdf/share/smartagurdf/launch/launch
-- Installing: /husky_ws/src/install/smartagurdf/share/smartagurdf/launch/launch/display.launch.py
-- Installing: /husky_ws/src/install/smartagurdf/share/smartagurdf/launch/launch/gazebo.launch.py
-- Installing: /husky_ws/src/install/smartagurdf/share/smartagurdf/meshes/meshes
-- Installing: /husky_ws/src/install/smartagurdf/share/smartagurdf/meshes/meshes/front_right_wheel_link.STL
-- Installing: /husky_ws/src/install/smartagurdf/share/smartagurdf/meshes/meshes/front_left_wheel_link.STL
-- Installing: /husky_ws/src/install/smartagurdf/share/smartagurdf/meshes/meshes/base_link.STL
-- Installing: /husky_ws/src/install/smartagurdf/share/smartagurdf/meshes/meshes/rear_left_wheel_link.STL
-- Installing: /husky_ws/src/install/smartagurdf/share/smartagurdf/meshes/meshes/lidar_link.STL
-- Installing: /husky_ws/src/install/smartagurdf/share/smartagurdf/meshes/meshes/rear_right_wheel_link.STL
-- Installing: /husky_ws/src/install/smartagurdf/share/smartagurdf/meshes/meshes/zed_link.STL
-- Installing: /husky_ws/src/install/smartagurdf/share/smartagurdf/meshes/meshes/gps_antenna_link.STL
-- Installing: /husky_ws/src/install/smartagurdf/share/smartagurdf/meshes/meshes/realsense_link.STL
-- Installing: /husky_ws/src/install/smartagurdf/share/smartagurdf/urdf/urdf
-- Installing: /husky_ws/src/install/smartagurdf/share/smartagurdf/urdf/urdf/smartagurdf.urdf.xacro
-- Installing: /husky_ws/src/install/smartagurdf/share/ament_index/resource_index/package_run_dependencies/smartagurdf
-- Installing: /husky_ws/src/install/smartagurdf/share/ament_index/resource_index/parent_prefix_path/smartagurdf
-- Installing: /husky_ws/src/install/smartagurdf/share/smartagurdf/environment/ament_prefix_path.sh
-- Installing: /husky_ws/src/install/smartagurdf/share/smartagurdf/environment/ament_prefix_path.dsv
-- Installing: /husky_ws/src/install/smartagurdf/share/smartagurdf/environment/path.sh
-- Installing: /husky_ws/src/install/smartagurdf/share/smartagurdf/environment/path.dsv
-- Installing: /husky_ws/src/install/smartagurdf/share/smartagurdf/local_setup.bash
-- Installing: /husky_ws/src/install/smartagurdf/share/smartagurdf/local_setup.sh
-- Installing: /husky_ws/src/install/smartagurdf/share/smartagurdf/local_setup.zsh
-- Installing: /husky_ws/src/install/smartagurdf/share/smartagurdf/local_setup.dsv
-- Installing: /husky_ws/src/install/smartagurdf/share/smartagurdf/package.dsv
-- Installing: /husky_ws/src/install/smartagurdf/share/ament_index/resource_index/packages/smartagurdf
-- Installing: /husky_ws/src/install/smartagurdf/share/smartagurdf/cmake/smartagurdfConfig.cmake
-- Installing: /husky_ws/src/install/smartagurdf/share/smartagurdf/cmake/smartagurdfConfig-version.cmake
-- Installing: /husky_ws/src/install/smartagurdf/share/smartagurdf/package.xml
