[0.026s] Invoking command in '/husky_ws/src/build/husky_base': CMAKE_PREFIX_PATH=/opt/ros/humble /usr/bin/cmake /husky_ws/src/husky_robot/husky_base -DCMAKE_INSTALL_PREFIX=/husky_ws/src/install/husky_base
[0.084s] -- The C compiler identification is GNU 11.4.0
[0.146s] -- The CXX compiler identification is GNU 11.4.0
[0.154s] -- Detecting C compiler ABI info
[0.229s] -- Detecting C compiler ABI info - done
[0.238s] -- Check for working C compiler: /usr/bin/cc - skipped
[0.239s] -- Detecting C compile features
[0.239s] -- Detecting C compile features - done
[0.242s] -- Detecting CXX compiler ABI info
[0.326s] -- Detecting CXX compiler ABI info - done
[0.332s] -- Check for working CXX compiler: /usr/bin/c++ - skipped
[0.332s] -- Detecting CXX compile features
[0.333s] -- Detecting CXX compile features - done
[0.338s] -- Found ament_cmake: 1.3.11 (/opt/ros/humble/share/ament_cmake/cmake)
[0.500s] -- Found Python3: /usr/bin/python3 (found version "3.10.12") found components: Interpreter 
[0.603s] -- Found controller_interface: 2.51.0 (/opt/ros/humble/share/controller_interface/cmake)
[0.651s] -- Found rosidl_generator_c: 3.1.6 (/opt/ros/humble/share/rosidl_generator_c/cmake)
[0.657s] -- Found rosidl_adapter: 3.1.6 (/opt/ros/humble/share/rosidl_adapter/cmake)
[0.669s] -- Found rosidl_generator_cpp: 3.1.6 (/opt/ros/humble/share/rosidl_generator_cpp/cmake)
[0.683s] -- Using all available rosidl_typesupport_c: rosidl_typesupport_fastrtps_c;rosidl_typesupport_introspection_c
[0.700s] -- Using all available rosidl_typesupport_cpp: rosidl_typesupport_fastrtps_cpp;rosidl_typesupport_introspection_cpp
[0.908s] -- Found rmw_implementation_cmake: 6.1.2 (/opt/ros/humble/share/rmw_implementation_cmake/cmake)
[0.911s] -- Found rmw_fastrtps_cpp: 6.2.7 (/opt/ros/humble/share/rmw_fastrtps_cpp/cmake)
[0.935s] -- Found TinyXML2 via Config file: TinyXML2_DIR-NOTFOUND
[0.994s] -- Found OpenSSL: /usr/lib/x86_64-linux-gnu/libcrypto.so (found version "3.0.2")  
[0.996s] -- Found TinyXML2 via Config file: TinyXML2_DIR-NOTFOUND
[1.011s] -- Found FastRTPS: /opt/ros/humble/include  
[1.013s] -- Found TinyXML2 via Config file: TinyXML2_DIR-NOTFOUND
[1.022s] -- Found TinyXML2 via Config file: TinyXML2_DIR-NOTFOUND
[1.031s] -- Using RMW implementation 'rmw_fastrtps_cpp' as default
[1.041s] -- Looking for pthread.h
[1.120s] -- Looking for pthread.h - found
[1.120s] -- Performing Test CMAKE_HAVE_LIBC_PTHREAD
[1.194s] -- Performing Test CMAKE_HAVE_LIBC_PTHREAD - Success
[1.195s] -- Found Threads: TRUE  
[1.240s] -- Found controller_manager: 2.51.0 (/opt/ros/humble/share/controller_manager/cmake)
[1.286s] [31mCMake Error at CMakeLists.txt:23 (find_package):
[1.286s]   By not providing "Findhusky_msgs.cmake" in CMAKE_MODULE_PATH this project
[1.286s]   has asked CMake to find a package configuration file provided by
[1.286s]   "husky_msgs", but CMake did not find one.
[1.287s] 
[1.287s]   Could not find a package configuration file provided by "husky_msgs" with
[1.287s]   any of the following names:
[1.287s] 
[1.287s]     husky_msgsConfig.cmake
[1.287s]     husky_msgs-config.cmake
[1.287s] 
[1.287s]   Add the installation prefix of "husky_msgs" to CMAKE_PREFIX_PATH or set
[1.287s]   "husky_msgs_DIR" to a directory containing one of the above files.  If
[1.287s]   "husky_msgs" provides a separate development package or SDK, be sure it has
[1.287s]   been installed.
[1.287s] 
[1.287s] [0m
[1.287s] -- Configuring incomplete, errors occurred!
[1.287s] See also "/husky_ws/src/build/husky_base/CMakeFiles/CMakeOutput.log".
