[0.019s] Invoking command in '/husky_ws/src/build/hw_interface_plugin_novatel_span': /usr/bin/cmake /husky_ws/src/hw_interface_plugins/hw_interface_plugin_novatel_span -DCMAKE_INSTALL_PREFIX=/husky_ws/src/install/hw_interface_plugin_novatel_span
[0.027s] [33mCMake Warning (dev) in CMakeLists.txt:
[0.027s]   No project() command is present.  The top-level CMakeLists.txt file must
[0.027s]   contain a literal, direct call to the project() command.  Add a line of
[0.027s]   code such as
[0.028s] 
[0.028s]     project(ProjectName)
[0.028s] 
[0.028s]   near the top of the file, but after cmake_minimum_required().
[0.028s] 
[0.028s]   CMake is pretending there is a "project(Project)" command on the first
[0.028s]   line.
[0.028s] This warning is for project developers.  Use -Wno-dev to suppress it.
[0.028s] [0m
[0.080s] -- The C compiler identification is GNU 11.4.0
[0.146s] -- The CXX compiler identification is GNU 11.4.0
[0.154s] -- Detecting C compiler ABI info
[0.228s] -- Detecting C compiler ABI info - done
[0.235s] -- Check for working C compiler: /usr/bin/cc - skipped
[0.236s] -- Detecting C compile features
[0.236s] -- Detecting C compile features - done
[0.240s] -- Detecting CXX compiler ABI info
[0.330s] -- Detecting CXX compiler ABI info - done
[0.342s] -- Check for working CXX compiler: /usr/bin/c++ - skipped
[0.343s] -- Detecting CXX compile features
[0.343s] -- Detecting CXX compile features - done
[0.344s] -- Configuring done
[0.345s] -- Generating done
[0.347s] -- Build files have been written to: /husky_ws/src/build/hw_interface_plugin_novatel_span
[0.354s] Invoked command in '/husky_ws/src/build/hw_interface_plugin_novatel_span' returned '0': /usr/bin/cmake /husky_ws/src/hw_interface_plugins/hw_interface_plugin_novatel_span -DCMAKE_INSTALL_PREFIX=/husky_ws/src/install/hw_interface_plugin_novatel_span
[0.357s] Invoking command in '/husky_ws/src/build/hw_interface_plugin_novatel_span': /usr/bin/cmake --build /husky_ws/src/build/hw_interface_plugin_novatel_span -- -j16 -l16
