[0.052s] Invoking command in '/husky_ws/src/build/husky_base': CMAKE_PREFIX_PATH=/opt/ros/humble /usr/bin/cmake /husky_ws/src/husky_robot/husky_base -DCMAKE_INSTALL_PREFIX=/husky_ws/src/install/husky_base
[0.070s] -- Found ament_cmake: 1.3.11 (/opt/ros/humble/share/ament_cmake/cmake)
[0.215s] -- Found controller_interface: 2.51.0 (/opt/ros/humble/share/controller_interface/cmake)
[0.240s] -- Found rosidl_generator_c: 3.1.6 (/opt/ros/humble/share/rosidl_generator_c/cmake)
[0.242s] -- Found rosidl_adapter: 3.1.6 (/opt/ros/humble/share/rosidl_adapter/cmake)
[0.247s] -- Found rosidl_generator_cpp: 3.1.6 (/opt/ros/humble/share/rosidl_generator_cpp/cmake)
[0.256s] -- Using all available rosidl_typesupport_c: rosidl_typesupport_fastrtps_c;rosidl_typesupport_introspection_c
[0.266s] -- Using all available rosidl_typesupport_cpp: rosidl_typesupport_fastrtps_cpp;rosidl_typesupport_introspection_cpp
[0.429s] -- Found rmw_implementation_cmake: 6.1.2 (/opt/ros/humble/share/rmw_implementation_cmake/cmake)
[0.430s] -- Found rmw_fastrtps_cpp: 6.2.7 (/opt/ros/humble/share/rmw_fastrtps_cpp/cmake)
[0.451s] -- Found TinyXML2 via Config file: TinyXML2_DIR-NOTFOUND
[0.461s] -- Found TinyXML2 via Config file: TinyXML2_DIR-NOTFOUND
[0.479s] -- Found TinyXML2 via Config file: TinyXML2_DIR-NOTFOUND
[0.488s] -- Found TinyXML2 via Config file: TinyXML2_DIR-NOTFOUND
[0.500s] -- Using RMW implementation 'rmw_fastrtps_cpp' as default
[0.544s] -- Found controller_manager: 2.51.0 (/opt/ros/humble/share/controller_manager/cmake)
[0.592s] [31mCMake Error at CMakeLists.txt:23 (find_package):
[0.592s]   By not providing "Findhusky_msgs.cmake" in CMAKE_MODULE_PATH this project
[0.592s]   has asked CMake to find a package configuration file provided by
[0.592s]   "husky_msgs", but CMake did not find one.
[0.592s] 
[0.592s]   Could not find a package configuration file provided by "husky_msgs" with
[0.592s]   any of the following names:
[0.592s] 
[0.592s]     husky_msgsConfig.cmake
[0.592s]     husky_msgs-config.cmake
[0.592s] 
[0.593s]   Add the installation prefix of "husky_msgs" to CMAKE_PREFIX_PATH or set
[0.593s]   "husky_msgs_DIR" to a directory containing one of the above files.  If
[0.593s]   "husky_msgs" provides a separate development package or SDK, be sure it has
[0.593s]   been installed.
[0.593s] 
[0.593s] [0m
[0.593s] -- Configuring incomplete, errors occurred!
[0.593s] See also "/husky_ws/src/build/husky_base/CMakeFiles/CMakeOutput.log".
