[0.046s] Invoking command in '/husky_ws/src/build/hardwarelaunch': /usr/bin/cmake --build /husky_ws/src/build/hardwarelaunch -- -j16 -l16
[0.101s] Invoked command in '/husky_ws/src/build/hardwarelaunch' returned '0': /usr/bin/cmake --build /husky_ws/src/build/hardwarelaunch -- -j16 -l16
[0.104s] Invoking command in '/husky_ws/src/build/hardwarelaunch': /usr/bin/cmake --install /husky_ws/src/build/hardwarelaunch
[0.119s] -- Install configuration: ""
[0.119s] -- Installing: /husky_ws/src/install/hardwarelaunch/lib/hardwarelaunch/run.py
[0.124s] -- Installing: /husky_ws/src/install/hardwarelaunch/share/ament_index/resource_index/package_run_dependencies/hardwarelaunch
[0.125s] -- Installing: /husky_ws/src/install/hardwarelaunch/share/ament_index/resource_index/parent_prefix_path/hardwarelaunch
[0.125s] -- Installing: /husky_ws/src/install/hardwarelaunch/share/hardwarelaunch/environment/ament_prefix_path.sh
[0.126s] -- Installing: /husky_ws/src/install/hardwarelaunch/share/hardwarelaunch/environment/ament_prefix_path.dsv
[0.126s] -- Installing: /husky_ws/src/install/hardwarelaunch/share/hardwarelaunch/environment/path.sh
[0.126s] -- Installing: /husky_ws/src/install/hardwarelaunch/share/hardwarelaunch/environment/path.dsv
[0.126s] -- Installing: /husky_ws/src/install/hardwarelaunch/share/hardwarelaunch/local_setup.bash
[0.126s] -- Installing: /husky_ws/src/install/hardwarelaunch/share/hardwarelaunch/local_setup.sh
[0.126s] -- Installing: /husky_ws/src/install/hardwarelaunch/share/hardwarelaunch/local_setup.zsh
[0.126s] -- Installing: /husky_ws/src/install/hardwarelaunch/share/hardwarelaunch/local_setup.dsv
[0.126s] -- Installing: /husky_ws/src/install/hardwarelaunch/share/hardwarelaunch/package.dsv
[0.126s] -- Installing: /husky_ws/src/install/hardwarelaunch/share/ament_index/resource_index/packages/hardwarelaunch
[0.126s] -- Installing: /husky_ws/src/install/hardwarelaunch/share/hardwarelaunch/cmake/hardwarelaunchConfig.cmake
[0.126s] -- Installing: /husky_ws/src/install/hardwarelaunch/share/hardwarelaunch/cmake/hardwarelaunchConfig-version.cmake
[0.127s] -- Installing: /husky_ws/src/install/hardwarelaunch/share/hardwarelaunch/package.xml
[0.152s] Invoked command in '/husky_ws/src/build/hardwarelaunch' returned '0': /usr/bin/cmake --install /husky_ws/src/build/hardwarelaunch
